Arguments: 
  C:\Program Files\nodejs\node.exe C:\Users\jvaghasi\AppData\Roaming\npm\node_modules\yarn\bin\yarn.js add multer

PATH: 
  C:\Program Files\Git\mingw64\bin;C:\Program Files\Git\usr\bin;C:\Users\jvaghasi\bin;C:\Program Files (x86)\Common Files\Oracle\Java\javapath;C:\Users\jvaghasi\Desktop\olp\cli-7.1.204;C:\Program Files\Git\cmd;C:\Program Files\nodejs;C:\Users\jvaghasi\Desktop\olp\cli;C:\Program Files\HERE\OLPCLI;C:\WINDOWS\system32;C:\WINDOWS;C:\WINDOWS\System32\Wbem;C:\WINDOWS\System32\WindowsPowerShell\v1.0;C:\WINDOWS\System32\OpenSSH;C:\Windows\system32;C:\Windows;C:\Windows\System32\Wbem;C:\Windows\System32\WindowsPowerShell\v1.0;C:\Windows\System32\OpenSSH;C:\Program Files\MongoDB\Server\4.4\bin;C:\WINDOWS\system32;C:\WINDOWS;C:\Users\jvaghasi\Desktop\olp\cli-7.1.204;C:\Users\jvaghasi\AppData\Roaming\npm;C:\Users\jvaghasi\AppData\Local\Programs\Microsoft VS Code\bin

Yarn version: 
  1.22.4

Node version: 
  12.18.3

Platform: 
  win32 x64

Trace: 
  Error: EPERM: operation not permitted, unlink 'C:\Users\jvaghasi\Documents\REST\node_modules\.bin\nodemon'

npm manifest: 
  {
    "name": "rest",
    "version": "1.0.0",
    "description": "",
    "main": "index.js",
    "scripts": {
      "start": "nodemon app.js"
    },
    "author": "",
    "license": "ISC",
    "dependencies": {
      "body-parser": "^1.19.0",
      "cors": "^2.8.5",
      "dotenv": "^8.2.0",
      "express": "^4.17.1",
      "mongoose": "^5.10.7",
      "mongose": "0.0.2-security",
      "nodemon": "^2.0.4"
    }
  }

yarn manifest: 
  No manifest

Lockfile: 
  No lockfile
